# JRE version: Java(TM) SE Runtime Environment (8.0_152-b16) (build 1.8.0_152-b16)
# Java VM: Java HotSpot(TM) 64-Bit Server VM (25.152-b16 mixed mode windows-amd64 compressed oops)
Heap:
 PSYoungGen      total 246784K, used 204008K [0x0000000795580000, 0x00000007a6080000, 0x00000007c0000000)
  eden space 235008K, 81% used [0x0000000795580000,0x00000007a113f178,0x00000007a3b00000)
  from space 11776K, 99% used [0x00000007a4a00000,0x00000007a557b238,0x00000007a5580000)
  to   space 15360K, 0% used [0x00000007a3b00000,0x00000007a3b00000,0x00000007a4a00000)
 ParOldGen       total 82944K, used 25023K [0x0000000740000000, 0x0000000745100000, 0x0000000795580000)
  object space 82944K, 30% used [0x0000000740000000,0x000000074186ffc8,0x0000000745100000)
 Metaspace       used 53636K, capacity 54384K, committed 54528K, reserved 1097728K
  class space    used 6701K, capacity 6873K, committed 6912K, reserved 1048576K
GC Heap History (10 events):
Event: 5.011 GC heap before
{Heap before GC invocations=8 (full 1):
 PSYoungGen      total 115200K, used 114832K [0x0000000795580000, 0x000000079e880000, 0x00000007c0000000)
  eden space 108544K, 100% used [0x0000000795580000,0x000000079bf80000,0x000000079bf80000)
  from space 6656K, 94% used [0x000000079e200000,0x000000079e824008,0x000000079e880000)
  to   space 10752K, 0% used [0x000000079d380000,0x000000079d380000,0x000000079de00000)
 ParOldGen       total 65024K, used 13321K [0x0000000740000000, 0x0000000743f80000, 0x0000000795580000)
  object space 65024K, 20% used [0x0000000740000000,0x0000000740d02578,0x0000000743f80000)
 Metaspace       used 28848K, capacity 29108K, committed 29568K, reserved 1075200K
  class space    used 3529K, capacity 3601K, committed 3712K, reserved 1048576K
Event: 5.033 GC heap after
Heap after GC invocations=8 (full 1):
 PSYoungGen      total 139776K, used 7850K [0x0000000795580000, 0x00000007a1500000, 0x00000007c0000000)
  eden space 129024K, 0% used [0x0000000795580000,0x0000000795580000,0x000000079d380000)
  from space 10752K, 73% used [0x000000079d380000,0x000000079db2aa78,0x000000079de00000)
  to   space 10240K, 0% used [0x00000007a0b00000,0x00000007a0b00000,0x00000007a1500000)
 ParOldGen       total 65024K, used 13329K [0x0000000740000000, 0x0000000743f80000, 0x0000000795580000)
  object space 65024K, 20% used [0x0000000740000000,0x0000000740d04578,0x0000000743f80000)
 Metaspace       used 28848K, capacity 29108K, committed 29568K, reserved 1075200K
  class space    used 3529K, capacity 3601K, committed 3712K, reserved 1048576K
}
Event: 19.087 GC heap before
{Heap before GC invocations=9 (full 1):
 PSYoungGen      total 139776K, used 136874K [0x0000000795580000, 0x00000007a1500000, 0x00000007c0000000)
  eden space 129024K, 100% used [0x0000000795580000,0x000000079d380000,0x000000079d380000)
  from space 10752K, 73% used [0x000000079d380000,0x000000079db2aa78,0x000000079de00000)
  to   space 10240K, 0% used [0x00000007a0b00000,0x00000007a0b00000,0x00000007a1500000)
 ParOldGen       total 65024K, used 13329K [0x0000000740000000, 0x0000000743f80000, 0x0000000795580000)
  object space 65024K, 20% used [0x0000000740000000,0x0000000740d04578,0x0000000743f80000)
 Metaspace       used 33900K, capacity 34204K, committed 34688K, reserved 1079296K
  class space    used 4269K, capacity 4377K, committed 4480K, reserved 1048576K
Event: 19.107 GC heap after
Heap after GC invocations=9 (full 1):
 PSYoungGen      total 184320K, used 10236K [0x0000000795580000, 0x00000007a3000000, 0x00000007c0000000)
  eden space 174080K, 0% used [0x0000000795580000,0x0000000795580000,0x000000079ff80000)
  from space 10240K, 99% used [0x00000007a0b00000,0x00000007a14ff2e0,0x00000007a1500000)
  to   space 11776K, 0% used [0x000000079ff80000,0x000000079ff80000,0x00000007a0b00000)
 ParOldGen       total 65024K, used 14959K [0x0000000740000000, 0x0000000743f80000, 0x0000000795580000)
  object space 65024K, 23% used [0x0000000740000000,0x0000000740e9beb8,0x0000000743f80000)
 Metaspace       used 33900K, capacity 34204K, committed 34688K, reserved 1079296K
  class space    used 4269K, capacity 4377K, committed 4480K, reserved 1048576K
}
Event: 19.405 GC heap before
{Heap before GC invocations=10 (full 1):
 PSYoungGen      total 184320K, used 28095K [0x0000000795580000, 0x00000007a3000000, 0x00000007c0000000)
  eden space 174080K, 10% used [0x0000000795580000,0x00000007966f0bb0,0x000000079ff80000)
  from space 10240K, 99% used [0x00000007a0b00000,0x00000007a14ff2e0,0x00000007a1500000)
  to   space 11776K, 0% used [0x000000079ff80000,0x000000079ff80000,0x00000007a0b00000)
 ParOldGen       total 65024K, used 14959K [0x0000000740000000, 0x0000000743f80000, 0x0000000795580000)
  object space 65024K, 23% used [0x0000000740000000,0x0000000740e9beb8,0x0000000743f80000)
 Metaspace       used 34963K, capacity 35220K, committed 35496K, reserved 1081344K
  class space    used 4395K, capacity 4477K, committed 4480K, reserved 1048576K
Event: 19.422 GC heap after
Heap after GC invocations=10 (full 1):
 PSYoungGen      total 185856K, used 6796K [0x0000000795580000, 0x00000007a5580000, 0x00000007c0000000)
  eden space 174080K, 0% used [0x0000000795580000,0x0000000795580000,0x000000079ff80000)
  from space 11776K, 57% used [0x000000079ff80000,0x00000007a06232a8,0x00000007a0b00000)
  to   space 11776K, 0% used [0x00000007a4a00000,0x00000007a4a00000,0x00000007a5580000)
 ParOldGen       total 65024K, used 17347K [0x0000000740000000, 0x0000000743f80000, 0x0000000795580000)
  object space 65024K, 26% used [0x0000000740000000,0x00000007410f0f28,0x0000000743f80000)
 Metaspace       used 34963K, capacity 35220K, committed 35496K, reserved 1081344K
  class space    used 4395K, capacity 4477K, committed 4480K, reserved 1048576K
}
Event: 19.422 GC heap before
{Heap before GC invocations=11 (full 2):
 PSYoungGen      total 185856K, used 6796K [0x0000000795580000, 0x00000007a5580000, 0x00000007c0000000)
  eden space 174080K, 0% used [0x0000000795580000,0x0000000795580000,0x000000079ff80000)
  from space 11776K, 57% used [0x000000079ff80000,0x00000007a06232a8,0x00000007a0b00000)
  to   space 11776K, 0% used [0x00000007a4a00000,0x00000007a4a00000,0x00000007a5580000)
 ParOldGen       total 65024K, used 17347K [0x0000000740000000, 0x0000000743f80000, 0x0000000795580000)
  object space 65024K, 26% used [0x0000000740000000,0x00000007410f0f28,0x0000000743f80000)
 Metaspace       used 34963K, capacity 35220K, committed 35496K, reserved 1081344K
  class space    used 4395K, capacity 4477K, committed 4480K, reserved 1048576K
Event: 19.541 GC heap after
Heap after GC invocations=11 (full 2):
 PSYoungGen      total 185856K, used 0K [0x0000000795580000, 0x00000007a5580000, 0x00000007c0000000)
  eden space 174080K, 0% used [0x0000000795580000,0x0000000795580000,0x000000079ff80000)
  from space 11776K, 0% used [0x000000079ff80000,0x000000079ff80000,0x00000007a0b00000)
  to   space 11776K, 0% used [0x00000007a4a00000,0x00000007a4a00000,0x00000007a5580000)
 ParOldGen       total 82944K, used 17847K [0x0000000740000000, 0x0000000745100000, 0x0000000795580000)
  object space 82944K, 21% used [0x0000000740000000,0x000000074116de28,0x0000000745100000)
 Metaspace       used 34963K, capacity 35220K, committed 35496K, reserved 1081344K
  class space    used 4395K, capacity 4477K, committed 4480K, reserved 1048576K
}
Event: 22.701 GC heap before
{Heap before GC invocations=12 (full 2):
 PSYoungGen      total 185856K, used 174080K [0x0000000795580000, 0x00000007a5580000, 0x00000007c0000000)
  eden space 174080K, 100% used [0x0000000795580000,0x000000079ff80000,0x000000079ff80000)
  from space 11776K, 0% used [0x000000079ff80000,0x000000079ff80000,0x00000007a0b00000)
  to   space 11776K, 0% used [0x00000007a4a00000,0x00000007a4a00000,0x00000007a5580000)
 ParOldGen       total 82944K, used 17847K [0x0000000740000000, 0x0000000745100000, 0x0000000795580000)
  object space 82944K, 21% used [0x0000000740000000,0x000000074116de28,0x0000000745100000)
 Metaspace       used 49355K, capacity 49682K, committed 50176K, reserved 1093632K
  class space    used 6181K, capacity 6286K, committed 6400K, reserved 1048576K
Event: 22.728 GC heap after
Heap after GC invocations=12 (full 2):
 PSYoungGen      total 246784K, used 11756K [0x0000000795580000, 0x00000007a6080000, 0x00000007c0000000)
  eden space 235008K, 0% used [0x0000000795580000,0x0000000795580000,0x00000007a3b00000)
  from space 11776K, 99% used [0x00000007a4a00000,0x00000007a557b238,0x00000007a5580000)
  to   space 15360K, 0% used [0x00000007a3b00000,0x00000007a3b00000,0x00000007a4a00000)
 ParOldGen       total 82944K, used 25023K [0x0000000740000000, 0x0000000745100000, 0x0000000795580000)
  object space 82944K, 30% used [0x0000000740000000,0x000000074186ffc8,0x0000000745100000)
 Metaspace       used 49355K, capacity 49682K, committed 50176K, reserved 1093632K
  class space    used 6181K, capacity 6286K, committed 6400K, reserved 1048576K
}

